<?xml version="1.0" encoding="UTF-8"?>
<testsuites>
  <testsuite name="Unit" tests="2" assertions="2" errors="0" warnings="0" failures="0" skipped="0" time="0.276674">
    <testsuite name="Tests\Feature\ExampleTest" file="/home/parrotphish/yu3/Projects/Codename-KidsNextDoor-master/tests/Feature/ExampleTest.php" tests="1" assertions="1" errors="0" warnings="0" failures="0" skipped="0" time="0.276216">
      <testcase name="testBasicTest" class="Tests\Feature\ExampleTest" classname="Tests.Feature.ExampleTest" file="/home/parrotphish/yu3/Projects/Codename-KidsNextDoor-master/tests/Feature/ExampleTest.php" line="15" assertions="1" time="0.276216"/>
    </testsuite>
    <testsuite name="Tests\Unit\ExampleTest" file="/home/parrotphish/yu3/Projects/Codename-KidsNextDoor-master/tests/Unit/ExampleTest.php" tests="1" assertions="1" errors="0" warnings="0" failures="0" skipped="0" time="0.000458">
      <testcase name="testBasicTest" class="Tests\Unit\ExampleTest" classname="Tests.Unit.ExampleTest" file="/home/parrotphish/yu3/Projects/Codename-KidsNextDoor-master/tests/Unit/ExampleTest.php" line="14" assertions="1" time="0.000458"/>
    </testsuite>
  </testsuite>
</testsuites>
